<?xml version="1.0" encoding="UTF-8"?>
<testsuite name="clases.RestaTest" tests="6" skipped="0" failures="0" errors="0" timestamp="2025-02-17T19:06:07" hostname="DESKTOP-RCANN02" time="0.089">
  <properties/>
  <testcase name="testRestaAcumulada()" classname="clases.RestaTest" time="0.031"/>
  <testcase name="testRestaTresReales()" classname="clases.RestaTest" time="0.006"/>
  <testcase name="testRestaEnteros()" classname="clases.RestaTest" time="0.01"/>
  <testcase name="testRestaAcumuladaSinValores()" classname="clases.RestaTest" time="0.006"/>
  <testcase name="testRestaReales()" classname="clases.RestaTest" time="0.005"/>
  <testcase name="testRestaEnterosExcepcion()" classname="clases.RestaTest" time="0.007"/>
  <system-out><![CDATA[]]></system-out>
  <system-err><![CDATA[]]></system-err>
</testsuite>
