<?xml version="1.0" encoding="UTF-8"?>
<testsuite name="clases.ModuloTest" tests="3" skipped="0" failures="0" errors="0" timestamp="2025-02-23T10:55:38" hostname="JESUS" time="0.029">
  <properties/>
  <testcase name="testAbsoluto()" classname="clases.ModuloTest" time="0.017"/>
  <testcase name="testModuloConDivisorCero()" classname="clases.ModuloTest" time="0.007"/>
  <testcase name="testModulo()" classname="clases.ModuloTest" time="0.002"/>
  <system-out><![CDATA[El divisor no pueder ser igual a 0
]]></system-out>
  <system-err><![CDATA[]]></system-err>
</testsuite>
