<?xml version="1.0" encoding="UTF-8"?>
<testsuite name="clases.RestaTest" tests="5" skipped="0" failures="0" errors="0" timestamp="2025-02-23T15:41:37" hostname="PC-ALVARO" time="0.026">
  <properties/>
  <testcase name="testRestaAcumulada()" classname="clases.RestaTest" time="0.016"/>
  <testcase name="testRestaTresReales()" classname="clases.RestaTest" time="0.002"/>
  <testcase name="testRestaEnteros()" classname="clases.RestaTest" time="0.001"/>
  <testcase name="testRestaAcumuladaSinValores()" classname="clases.RestaTest" time="0.001"/>
  <testcase name="testRestaReales()" classname="clases.RestaTest" time="0.001"/>
  <system-out><![CDATA[]]></system-out>
  <system-err><![CDATA[]]></system-err>
</testsuite>
